

Microchip MPLAB XC8 Assembler V2.35 build 20211206165544 
                                                                                               Wed Jan 19 15:53:23 2022

Microchip MPLAB XC8 C Compiler v2.35 (Free license) build 20211206165544 Og1 
     1                           	processor	12F675
     2                           	pagewidth 120
     3                           	opt	flic
     4                           	psect	cinit,global,class=CODE,merge=1,delta=2
     5                           	psect	bssBANK0,global,class=BANK0,space=1,delta=1,noexec
     6                           	psect	clrtext,global,class=CODE,delta=2
     7                           	psect	cstackBANK0,global,class=BANK0,space=1,delta=1,noexec
     8                           	psect	maintext,global,class=CODE,split=1,delta=2
     9                           	psect	idloc,global,abs,ovrld,class=IDLOC,space=5,delta=2,noexec
    10                           	psect	config,global,abs,ovrld,class=CONFIG,space=4,delta=2,noexec
    11                           	dabs	1,0x5E,2
    12  0000                     
    13                           ; Version 2.40
    14                           ; Generated 06/12/2021 GMT
    15                           ; 
    16                           ; Copyright © 2021, Microchip Technology Inc. and its subsidiaries ("Microchip")
    17                           ; All rights reserved.
    18                           ; 
    19                           ; This software is developed by Microchip Technology Inc. and its subsidiaries ("Microch
      +                          ip").
    20                           ; 
    21                           ; Redistribution and use in source and binary forms, with or without modification, are
    22                           ; permitted provided that the following conditions are met:
    23                           ; 
    24                           ;     1. Redistributions of source code must retain the above copyright notice, this lis
      +                          t of
    25                           ;        conditions and the following disclaimer.
    26                           ; 
    27                           ;     2. Redistributions in binary form must reproduce the above copyright notice, this 
      +                          list
    28                           ;        of conditions and the following disclaimer in the documentation and/or other
    29                           ;        materials provided with the distribution. Publication is not required when
    30                           ;        this file is used in an embedded application.
    31                           ; 
    32                           ;     3. Microchip's name may not be used to endorse or promote products derived from th
      +                          is
    33                           ;        software without specific prior written permission.
    34                           ; 
    35                           ; THIS SOFTWARE IS PROVIDED BY MICROCHIP "AS IS" AND ANY EXPRESS OR IMPLIED WARRANTIES,
    36                           ; INCLUDING, BUT NOT LIMITED TO, THE IMPLIED WARRANTIES OF MERCHANTABILITY AND FITNESS F
      +                          OR
    37                           ; PURPOSE ARE DISCLAIMED.  IN NO EVENT SHALL MICROCHIP BE LIABLE FOR ANY DIRECT, INDIREC
      +                          T,
    38                           ; INCIDENTAL, SPECIAL, EXEMPLARY, OR CONSEQUENTIAL DAMAGES (INCLUDING BUT NOT LIMITED TO
    39                           ; PROCUREMENT OF SUBSTITUTE GOODS OR SERVICES; LOSS OF USE, DATA OR PROFITS; OR BUSINESS
    40                           ; INTERRUPTION) HOWSOEVER CAUSED AND ON ANY THEORY OF LIABILITY, WHETHER IN CONTRACT, ST
      +                          RICT
    41                           ; LIABILITY, OR TORT (INCLUDING NEGLIGENCE OR OTHERWISE) ARISING IN ANY WAY OUT OF THE U
      +                          SE OF
    42                           ; THIS SOFTWARE, EVEN IF ADVISED OF THE POSSIBILITY OF SUCH DAMAGE.
    43                           ; 
    44                           ; 
    45                           ; Code-generator required, PIC12F675 Definitions
    46                           ; 
    47                           ; SFR Addresses
    48  0000                     	;# 
    49  0001                     	;# 
    50  0002                     	;# 
    51  0003                     	;# 
    52  0004                     	;# 
    53  0005                     	;# 
    54  000A                     	;# 
    55  000B                     	;# 
    56  000C                     	;# 
    57  000E                     	;# 
    58  000E                     	;# 
    59  000F                     	;# 
    60  0010                     	;# 
    61  0019                     	;# 
    62  001E                     	;# 
    63  001F                     	;# 
    64  0081                     	;# 
    65  0085                     	;# 
    66  008C                     	;# 
    67  008E                     	;# 
    68  0090                     	;# 
    69  0095                     	;# 
    70  0096                     	;# 
    71  0096                     	;# 
    72  0099                     	;# 
    73  009A                     	;# 
    74  009A                     	;# 
    75  009B                     	;# 
    76  009C                     	;# 
    77  009D                     	;# 
    78  009E                     	;# 
    79  009F                     	;# 
    80  0000                     	;# 
    81  0001                     	;# 
    82  0002                     	;# 
    83  0003                     	;# 
    84  0004                     	;# 
    85  0005                     	;# 
    86  000A                     	;# 
    87  000B                     	;# 
    88  000C                     	;# 
    89  000E                     	;# 
    90  000E                     	;# 
    91  000F                     	;# 
    92  0010                     	;# 
    93  0019                     	;# 
    94  001E                     	;# 
    95  001F                     	;# 
    96  0081                     	;# 
    97  0085                     	;# 
    98  008C                     	;# 
    99  008E                     	;# 
   100  0090                     	;# 
   101  0095                     	;# 
   102  0096                     	;# 
   103  0096                     	;# 
   104  0099                     	;# 
   105  009A                     	;# 
   106  009A                     	;# 
   107  009B                     	;# 
   108  009C                     	;# 
   109  009D                     	;# 
   110  009E                     	;# 
   111  009F                     	;# 
   112  0005                     _GPIO	set	5
   113  0019                     _CMCON	set	25
   114  001F                     _ADCON0	set	31
   115  002C                     _GP4	set	44
   116  0029                     _GP1	set	41
   117  002A                     _GP2	set	42
   118  002B                     _GP3	set	43
   119  0028                     _GP0	set	40
   120  002D                     _GP5	set	45
   121  0081                     _OPTION_REG	set	129
   122  0085                     _TRISIO	set	133
   123  0099                     _VRCON	set	153
   124  009F                     _ANSEL	set	159
   125                           
   126                           	psect	cinit
   127  03F8                     start_initialization:	
   128                           ; #config settings
   129                           
   130  03F8                     __initialization:
   131                           
   132                           ; Clear objects allocated to BANK0
   133  03F8  1383               	bcf	3,7	;select IRP bank0
   134  03F9  3020               	movlw	low __pbssBANK0
   135  03FA  0084               	movwf	4
   136  03FB  3032               	movlw	low (__pbssBANK0+18)
   137  03FC  22A4               	fcall	clear_ram0
   138  03FD                     end_of_initialization:	
   139                           ;End of C runtime variable initialization code
   140                           
   141  03FD                     __end_of__initialization:
   142  03FD  0183               	clrf	3
   143  03FE  2AAC               	ljmp	_main	;jump to C main() function
   144                           
   145                           	psect	bssBANK0
   146  0020                     __pbssBANK0:
   147  0020                     _count:
   148  0020                     	ds	4
   149  0024                     _l:
   150  0024                     	ds	2
   151  0026                     _j:
   152  0026                     	ds	2
   153  0028                     _i:
   154  0028                     	ds	2
   155  002A                     _flag4:
   156  002A                     	ds	2
   157  002C                     _flag3:
   158  002C                     	ds	2
   159  002E                     _flag2:
   160  002E                     	ds	2
   161  0030                     _flag1:
   162  0030                     	ds	2
   163                           
   164                           	psect	clrtext
   165  02A4                     clear_ram0:	
   166                           ;	Called with FSR containing the base address, and
   167                           ;	W with the last address+1
   168                           
   169  02A4  0064               	clrwdt	;clear the watchdog before getting into this loop
   170  02A5                     clrloop0:
   171  02A5  0180               	clrf	0	;clear RAM location pointed to by FSR
   172  02A6  0A84               	incf	4,f	;increment pointer
   173  02A7  0604               	xorwf	4,w	;XOR with final address
   174  02A8  1903               	btfsc	3,2	;have we reached the end yet?
   175  02A9  3400               	retlw	0	;all done for this memory range, return
   176  02AA  0604               	xorwf	4,w	;XOR again to restore value
   177  02AB  2AA5               	goto	clrloop0	;do the next byte
   178                           
   179                           	psect	cstackBANK0
   180  0032                     __pcstackBANK0:
   181  0032                     ?_main:
   182  0032                     ??_main:	
   183                           ; 1 bytes @ 0x0
   184                           
   185                           
   186                           ; 1 bytes @ 0x0
   187  0032                     	ds	1
   188                           
   189                           	psect	maintext
   190  02AC                     __pmaintext:	
   191 ;;
   192 ;;Main: autosize = 0, tempsize = 1, incstack = 0, save=0
   193 ;;
   194 ;; *************** function _main *****************
   195 ;; Defined at:
   196 ;;		line 69 in file "newmain.c"
   197 ;; Parameters:    Size  Location     Type
   198 ;;		None
   199 ;; Auto vars:     Size  Location     Type
   200 ;;		None
   201 ;; Return value:  Size  Location     Type
   202 ;;                  1    wreg      void 
   203 ;; Registers used:
   204 ;;		wreg, status,2, status,0
   205 ;; Tracked objects:
   206 ;;		On entry : B00/0
   207 ;;		On exit  : 0/0
   208 ;;		Unchanged: 0/0
   209 ;; Data sizes:     COMMON   BANK0
   210 ;;      Params:         0       0
   211 ;;      Locals:         0       0
   212 ;;      Temps:          0       1
   213 ;;      Totals:         0       1
   214 ;;Total ram usage:        1 bytes
   215 ;; This function calls:
   216 ;;		Nothing
   217 ;; This function is called by:
   218 ;;		Startup code after reset
   219 ;; This function uses a non-reentrant model
   220 ;;
   221                           
   222  02AC                     _main:	
   223                           ;psect for function _main
   224                           
   225  02AC                     l762:	
   226                           ;incstack = 0
   227                           ; Regs used in _main: [wreg+status,2+status,0]
   228                           
   229  02AC  1683               	bsf	3,5	;RP0=1, select bank1
   230  02AD  019F               	clrf	31	;volatile
   231  02AE  1283               	bcf	3,5	;RP0=0, select bank0
   232  02AF  019F               	clrf	31	;volatile
   233  02B0                     l764:
   234  02B0  3007               	movlw	7
   235  02B1  0099               	movwf	25	;volatile
   236  02B2                     l766:
   237  02B2  1683               	bsf	3,5	;RP0=1, select bank1
   238  02B3  0199               	clrf	25	;volatile
   239  02B4  30DE               	movlw	222
   240  02B5  0085               	movwf	5	;volatile
   241  02B6  3007               	movlw	7
   242  02B7  0081               	movwf	1	;volatile
   243  02B8                     l768:
   244  02B8  1283               	bcf	3,5	;RP0=0, select bank0
   245  02B9  0185               	clrf	5	;volatile
   246  02BA                     l770:
   247  02BA  1285               	bcf	5,5	;volatile
   248  02BB                     l772:
   249  02BB  1005               	bcf	5,0	;volatile
   250  02BC                     l774:
   251  02BC  1985               	btfsc	5,3	;volatile
   252  02BD  2ABF               	goto	u271
   253  02BE  2AC0               	goto	u270
   254  02BF                     u271:
   255  02BF  2B0F               	goto	l796
   256  02C0                     u270:
   257  02C0                     l776:
   258  02C0  3006               	movlw	6
   259  02C1  00B2               	movwf	??_main
   260  02C2                     u537:
   261  02C2  0BB2               	decfsz	??_main,f
   262  02C3  2AC2               	goto	u537
   263  02C4  0000               	nop
   264  02C5                     l778:
   265  02C5  1283               	bcf	3,5	;RP0=0, select bank0
   266  02C6  1985               	btfsc	5,3	;volatile
   267  02C7  2AC9               	goto	u281
   268  02C8  2ACA               	goto	u280
   269  02C9                     u281:
   270  02C9  2B0F               	goto	l796
   271  02CA                     u280:
   272  02CA                     l780:
   273  02CA  1685               	bsf	5,5	;volatile
   274  02CB                     l782:
   275  02CB  01B0               	clrf	_flag1
   276  02CC  01B1               	clrf	_flag1+1
   277  02CD  2AE3               	goto	l786
   278  02CE                     l784:
   279  02CE  3001               	movlw	1
   280  02CF  07A0               	addwf	_count,f
   281  02D0  3000               	movlw	0
   282  02D1  1803               	skipnc
   283  02D2  3001               	movlw	1
   284  02D3  07A1               	addwf	_count+1,f
   285  02D4  3000               	movlw	0
   286  02D5  1803               	skipnc
   287  02D6  3001               	movlw	1
   288  02D7  07A2               	addwf	_count+2,f
   289  02D8  3000               	movlw	0
   290  02D9  1803               	skipnc
   291  02DA  3001               	movlw	1
   292  02DB  07A3               	addwf	_count+3,f
   293  02DC  30C7               	movlw	199
   294  02DD  00B2               	movwf	??_main
   295  02DE                     u547:
   296  02DE  2ADF               	nop2
   297  02DF  0BB2               	decfsz	??_main,f
   298  02E0  2ADE               	goto	u547
   299  02E1  2AE2               	nop2
   300  02E2  2AE3               	nop2
   301  02E3                     l786:
   302  02E3  1283               	bcf	3,5	;RP0=0, select bank0
   303  02E4  0823               	movf	_count+3,w
   304  02E5  1D03               	btfss	3,2
   305  02E6  2AF5               	goto	u291
   306  02E7  0822               	movf	_count+2,w
   307  02E8  1D03               	btfss	3,2
   308  02E9  2AF5               	goto	u291
   309  02EA  300F               	movlw	15
   310  02EB  0221               	subwf	_count+1,w
   311  02EC  1D03               	skipz
   312  02ED  2AF2               	goto	u293
   313  02EE  30D7               	movlw	215
   314  02EF  0220               	subwf	_count,w
   315  02F0  1D03               	skipz
   316  02F1  2AF2               	goto	u293
   317  02F2                     u293:
   318  02F2  1803               	btfsc	3,0
   319  02F3  2AF5               	goto	u291
   320  02F4  2AF6               	goto	u290
   321  02F5                     u291:
   322  02F5  2B01               	goto	l792
   323  02F6                     u290:
   324  02F6                     l788:
   325  02F6  1283               	bcf	3,5	;RP0=0, select bank0
   326  02F7  1D05               	btfss	5,2	;volatile
   327  02F8  2AFA               	goto	u301
   328  02F9  2AFB               	goto	u300
   329  02FA                     u301:
   330  02FA  2B01               	goto	l792
   331  02FB                     u300:
   332  02FB                     l790:
   333  02FB  0830               	movf	_flag1,w
   334  02FC  0431               	iorwf	_flag1+1,w
   335  02FD  1903               	btfsc	3,2
   336  02FE  2B00               	goto	u311
   337  02FF  2B01               	goto	u310
   338  0300                     u311:
   339  0300  2ACE               	goto	l784
   340  0301                     u310:
   341  0301                     l792:
   342  0301  3000               	movlw	0
   343  0302  1283               	bcf	3,5	;RP0=0, select bank0
   344  0303  00A3               	movwf	_count+3
   345  0304  3000               	movlw	0
   346  0305  00A2               	movwf	_count+2
   347  0306  3000               	movlw	0
   348  0307  00A1               	movwf	_count+1
   349  0308  3000               	movlw	0
   350  0309  00A0               	movwf	_count
   351  030A  3001               	movlw	1
   352  030B  00B0               	movwf	_flag1
   353  030C  3000               	movlw	0
   354  030D  00B1               	movwf	_flag1+1
   355  030E                     l794:
   356  030E  1285               	bcf	5,5	;volatile
   357  030F                     l796:
   358  030F  1905               	btfsc	5,2	;volatile
   359  0310  2B12               	goto	u321
   360  0311  2B13               	goto	u320
   361  0312                     u321:
   362  0312  2B1F               	goto	l57
   363  0313                     u320:
   364  0313                     l798:
   365  0313  3006               	movlw	6
   366  0314  00B2               	movwf	??_main
   367  0315                     u557:
   368  0315  0BB2               	decfsz	??_main,f
   369  0316  2B15               	goto	u557
   370  0317  0000               	nop
   371  0318                     l800:
   372  0318  1283               	bcf	3,5	;RP0=0, select bank0
   373  0319  1905               	btfsc	5,2	;volatile
   374  031A  2B1C               	goto	u331
   375  031B  2B1D               	goto	u330
   376  031C                     u331:
   377  031C  2B1F               	goto	l57
   378  031D                     u330:
   379  031D                     l802:
   380  031D  1285               	bcf	5,5	;volatile
   381  031E  1005               	bcf	5,0	;volatile
   382  031F                     l57:
   383  031F  1885               	btfsc	5,1	;volatile
   384  0320  2B22               	goto	u341
   385  0321  2B23               	goto	u340
   386  0322                     u341:
   387  0322  2BA6               	goto	l59
   388  0323                     u340:
   389  0323                     l804:
   390  0323  0330               	decf	_flag1,w
   391  0324  0431               	iorwf	_flag1+1,w
   392  0325  1D03               	btfss	3,2
   393  0326  2B28               	goto	u351
   394  0327  2B29               	goto	u350
   395  0328                     u351:
   396  0328  2BA6               	goto	l59
   397  0329                     u350:
   398  0329  2B3F               	goto	l810
   399  032A                     l808:
   400  032A  3001               	movlw	1
   401  032B  07A0               	addwf	_count,f
   402  032C  3000               	movlw	0
   403  032D  1803               	skipnc
   404  032E  3001               	movlw	1
   405  032F  07A1               	addwf	_count+1,f
   406  0330  3000               	movlw	0
   407  0331  1803               	skipnc
   408  0332  3001               	movlw	1
   409  0333  07A2               	addwf	_count+2,f
   410  0334  3000               	movlw	0
   411  0335  1803               	skipnc
   412  0336  3001               	movlw	1
   413  0337  07A3               	addwf	_count+3,f
   414  0338  30C7               	movlw	199
   415  0339  00B2               	movwf	??_main
   416  033A                     u567:
   417  033A  2B3B               	nop2
   418  033B  0BB2               	decfsz	??_main,f
   419  033C  2B3A               	goto	u567
   420  033D  2B3E               	nop2
   421  033E  2B3F               	nop2
   422  033F                     l810:
   423  033F  1283               	bcf	3,5	;RP0=0, select bank0
   424  0340  0823               	movf	_count+3,w
   425  0341  1D03               	btfss	3,2
   426  0342  2B51               	goto	u361
   427  0343  0822               	movf	_count+2,w
   428  0344  1D03               	btfss	3,2
   429  0345  2B51               	goto	u361
   430  0346  3006               	movlw	6
   431  0347  0221               	subwf	_count+1,w
   432  0348  1D03               	skipz
   433  0349  2B4E               	goto	u363
   434  034A  3056               	movlw	86
   435  034B  0220               	subwf	_count,w
   436  034C  1D03               	skipz
   437  034D  2B4E               	goto	u363
   438  034E                     u363:
   439  034E  1803               	btfsc	3,0
   440  034F  2B51               	goto	u361
   441  0350  2B52               	goto	u360
   442  0351                     u361:
   443  0351  2B61               	goto	l64
   444  0352                     u360:
   445  0352                     l812:
   446  0352  1283               	bcf	3,5	;RP0=0, select bank0
   447  0353  1885               	btfsc	5,1	;volatile
   448  0354  2B56               	goto	u371
   449  0355  2B57               	goto	u370
   450  0356                     u371:
   451  0356  2B61               	goto	l64
   452  0357                     u370:
   453  0357                     l814:
   454  0357  1D05               	btfss	5,2	;volatile
   455  0358  2B5A               	goto	u381
   456  0359  2B5B               	goto	u380
   457  035A                     u381:
   458  035A  2B61               	goto	l64
   459  035B                     u380:
   460  035B                     l816:
   461  035B  0830               	movf	_flag1,w
   462  035C  0431               	iorwf	_flag1+1,w
   463  035D  1903               	btfsc	3,2
   464  035E  2B60               	goto	u391
   465  035F  2B61               	goto	u390
   466  0360                     u391:
   467  0360  2B2A               	goto	l808
   468  0361                     u390:
   469  0361                     l64:
   470  0361  1283               	bcf	3,5	;RP0=0, select bank0
   471  0362  1885               	btfsc	5,1	;volatile
   472  0363  2B65               	goto	u401
   473  0364  2B66               	goto	u400
   474  0365                     u401:
   475  0365  2BA6               	goto	l59
   476  0366                     u400:
   477  0366                     l818:
   478  0366  0330               	decf	_flag1,w
   479  0367  0431               	iorwf	_flag1+1,w
   480  0368  1D03               	btfss	3,2
   481  0369  2B6B               	goto	u411
   482  036A  2B6C               	goto	u410
   483  036B                     u411:
   484  036B  2BA6               	goto	l59
   485  036C                     u410:
   486  036C                     l820:
   487  036C  1285               	bcf	5,5	;volatile
   488  036D  1405               	bsf	5,0	;volatile
   489  036E                     l822:
   490  036E  01B0               	clrf	_flag1
   491  036F  01B1               	clrf	_flag1+1
   492  0370  2B86               	goto	l826
   493  0371                     l824:
   494  0371  3001               	movlw	1
   495  0372  07A0               	addwf	_count,f
   496  0373  3000               	movlw	0
   497  0374  1803               	skipnc
   498  0375  3001               	movlw	1
   499  0376  07A1               	addwf	_count+1,f
   500  0377  3000               	movlw	0
   501  0378  1803               	skipnc
   502  0379  3001               	movlw	1
   503  037A  07A2               	addwf	_count+2,f
   504  037B  3000               	movlw	0
   505  037C  1803               	skipnc
   506  037D  3001               	movlw	1
   507  037E  07A3               	addwf	_count+3,f
   508  037F  30C7               	movlw	199
   509  0380  00B2               	movwf	??_main
   510  0381                     u577:
   511  0381  2B82               	nop2
   512  0382  0BB2               	decfsz	??_main,f
   513  0383  2B81               	goto	u577
   514  0384  2B85               	nop2
   515  0385  2B86               	nop2
   516  0386                     l826:
   517  0386  1283               	bcf	3,5	;RP0=0, select bank0
   518  0387  0823               	movf	_count+3,w
   519  0388  1D03               	btfss	3,2
   520  0389  2B98               	goto	u421
   521  038A  0822               	movf	_count+2,w
   522  038B  1D03               	btfss	3,2
   523  038C  2B98               	goto	u421
   524  038D  300C               	movlw	12
   525  038E  0221               	subwf	_count+1,w
   526  038F  1D03               	skipz
   527  0390  2B95               	goto	u423
   528  0391  30AC               	movlw	172
   529  0392  0220               	subwf	_count,w
   530  0393  1D03               	skipz
   531  0394  2B95               	goto	u423
   532  0395                     u423:
   533  0395  1803               	btfsc	3,0
   534  0396  2B98               	goto	u421
   535  0397  2B99               	goto	u420
   536  0398                     u421:
   537  0398  2BA4               	goto	l70
   538  0399                     u420:
   539  0399                     l828:
   540  0399  1283               	bcf	3,5	;RP0=0, select bank0
   541  039A  1D05               	btfss	5,2	;volatile
   542  039B  2B9D               	goto	u431
   543  039C  2B9E               	goto	u430
   544  039D                     u431:
   545  039D  2BA4               	goto	l70
   546  039E                     u430:
   547  039E                     l830:
   548  039E  0830               	movf	_flag1,w
   549  039F  0431               	iorwf	_flag1+1,w
   550  03A0  1903               	btfsc	3,2
   551  03A1  2BA3               	goto	u441
   552  03A2  2BA4               	goto	u440
   553  03A3                     u441:
   554  03A3  2B71               	goto	l824
   555  03A4                     u440:
   556  03A4                     l70:
   557  03A4  1283               	bcf	3,5	;RP0=0, select bank0
   558  03A5  1005               	bcf	5,0	;volatile
   559  03A6                     l59:
   560  03A6  1A05               	btfsc	5,4	;volatile
   561  03A7  2BA9               	goto	u451
   562  03A8  2BAA               	goto	u450
   563  03A9                     u451:
   564  03A9  2ABC               	goto	l774
   565  03AA                     u450:
   566  03AA                     l832:
   567  03AA  0330               	decf	_flag1,w
   568  03AB  0431               	iorwf	_flag1+1,w
   569  03AC  1D03               	btfss	3,2
   570  03AD  2BAF               	goto	u461
   571  03AE  2BB0               	goto	u460
   572  03AF                     u461:
   573  03AF  2ABC               	goto	l774
   574  03B0                     u460:
   575  03B0  2BC6               	goto	l838
   576  03B1                     l836:
   577  03B1  3001               	movlw	1
   578  03B2  07A0               	addwf	_count,f
   579  03B3  3000               	movlw	0
   580  03B4  1803               	skipnc
   581  03B5  3001               	movlw	1
   582  03B6  07A1               	addwf	_count+1,f
   583  03B7  3000               	movlw	0
   584  03B8  1803               	skipnc
   585  03B9  3001               	movlw	1
   586  03BA  07A2               	addwf	_count+2,f
   587  03BB  3000               	movlw	0
   588  03BC  1803               	skipnc
   589  03BD  3001               	movlw	1
   590  03BE  07A3               	addwf	_count+3,f
   591  03BF  30C7               	movlw	199
   592  03C0  00B2               	movwf	??_main
   593  03C1                     u587:
   594  03C1  2BC2               	nop2
   595  03C2  0BB2               	decfsz	??_main,f
   596  03C3  2BC1               	goto	u587
   597  03C4  2BC5               	nop2
   598  03C5  2BC6               	nop2
   599  03C6                     l838:
   600  03C6  1283               	bcf	3,5	;RP0=0, select bank0
   601  03C7  0823               	movf	_count+3,w
   602  03C8  1D03               	btfss	3,2
   603  03C9  2BD8               	goto	u471
   604  03CA  0822               	movf	_count+2,w
   605  03CB  1D03               	btfss	3,2
   606  03CC  2BD8               	goto	u471
   607  03CD  3009               	movlw	9
   608  03CE  0221               	subwf	_count+1,w
   609  03CF  1D03               	skipz
   610  03D0  2BD5               	goto	u473
   611  03D1  3081               	movlw	129
   612  03D2  0220               	subwf	_count,w
   613  03D3  1D03               	skipz
   614  03D4  2BD5               	goto	u473
   615  03D5                     u473:
   616  03D5  1803               	btfsc	3,0
   617  03D6  2BD8               	goto	u471
   618  03D7  2BD9               	goto	u470
   619  03D8                     u471:
   620  03D8  2BE8               	goto	l76
   621  03D9                     u470:
   622  03D9                     l840:
   623  03D9  1283               	bcf	3,5	;RP0=0, select bank0
   624  03DA  1A05               	btfsc	5,4	;volatile
   625  03DB  2BDD               	goto	u481
   626  03DC  2BDE               	goto	u480
   627  03DD                     u481:
   628  03DD  2BE8               	goto	l76
   629  03DE                     u480:
   630  03DE                     l842:
   631  03DE  1D05               	btfss	5,2	;volatile
   632  03DF  2BE1               	goto	u491
   633  03E0  2BE2               	goto	u490
   634  03E1                     u491:
   635  03E1  2BE8               	goto	l76
   636  03E2                     u490:
   637  03E2                     l844:
   638  03E2  0830               	movf	_flag1,w
   639  03E3  0431               	iorwf	_flag1+1,w
   640  03E4  1903               	btfsc	3,2
   641  03E5  2BE7               	goto	u501
   642  03E6  2BE8               	goto	u500
   643  03E7                     u501:
   644  03E7  2BB1               	goto	l836
   645  03E8                     u500:
   646  03E8                     l76:
   647  03E8  1283               	bcf	3,5	;RP0=0, select bank0
   648  03E9  1A05               	btfsc	5,4	;volatile
   649  03EA  2BEC               	goto	u511
   650  03EB  2BED               	goto	u510
   651  03EC                     u511:
   652  03EC  2ABC               	goto	l774
   653  03ED                     u510:
   654  03ED                     l846:
   655  03ED  0330               	decf	_flag1,w
   656  03EE  0431               	iorwf	_flag1+1,w
   657  03EF  1D03               	btfss	3,2
   658  03F0  2BF2               	goto	u521
   659  03F1  2BF3               	goto	u520
   660  03F2                     u521:
   661  03F2  2ABC               	goto	l774
   662  03F3                     u520:
   663  03F3                     l848:
   664  03F3  01B0               	clrf	_flag1
   665  03F4  01B1               	clrf	_flag1+1
   666  03F5                     l850:
   667  03F5  1285               	bcf	5,5	;volatile
   668  03F6  2ABC               	goto	l774
   669  03F7  2800               	ljmp	start
   670  03F8                     __end_of_main:
   671  005E                     btemp	set	94	;btemp
   672  005E                     wtemp0	set	94
   673                           
   674                           	psect	idloc
   675                           
   676                           ;Config register IDLOC0 @ 0x2000
   677                           ;	unspecified, using default values
   678  2000                     	org	8192
   679  2000  3FFF               	dw	16383
   680                           
   681                           ;Config register IDLOC1 @ 0x2001
   682                           ;	unspecified, using default values
   683  2001                     	org	8193
   684  2001  3FFF               	dw	16383
   685                           
   686                           ;Config register IDLOC2 @ 0x2002
   687                           ;	unspecified, using default values
   688  2002                     	org	8194
   689  2002  3FFF               	dw	16383
   690                           
   691                           ;Config register IDLOC3 @ 0x2003
   692                           ;	unspecified, using default values
   693  2003                     	org	8195
   694  2003  3FFF               	dw	16383
   695                           
   696                           	psect	config
   697                           
   698                           ;Config register CONFIG @ 0x2007
   699                           ;	Oscillator Selection bits
   700                           ;	FOSC = INTRCIO, INTOSC oscillator: I/O function on GP4/OSC2/CLKOUT pin, I/O function o
      +                          n GP5/OSC1/CLKIN
   701                           ;	Watchdog Timer Enable bit
   702                           ;	WDTE = OFF, WDT disabled
   703                           ;	Power-Up Timer Enable bit
   704                           ;	PWRTE = OFF, PWRT disabled
   705                           ;	GP3/MCLR pin function select
   706                           ;	MCLRE = OFF, GP3/MCLR pin function is digital I/O, MCLR internally tied to VDD
   707                           ;	Brown-out Detect Enable bit
   708                           ;	BOREN = OFF, BOD disabled
   709                           ;	Code Protection bit
   710                           ;	CP = ON, Program Memory code protection is enabled
   711                           ;	Data Code Protection bit
   712                           ;	CPD = ON, Data memory code protection is enabled
   713  2007                     	org	8199
   714  2007  3014               	dw	12308

Data Sizes:
    Strings     0
    Constant    0
    Data        0
    BSS         18
    Persistent  0
    Stack       0

Auto Spaces:
    Space          Size  Autos    Used
    COMMON            0      0       0
    BANK0            62      1      19

Pointer List with Targets:

    None.

Critical Paths under _main in COMMON

    None.

Critical Paths under _main in BANK0

    None.

Call Graph Tables:

 ---------------------------------------------------------------------------------
 (Depth) Function   	        Calls       Base Space   Used Autos Params    Refs
 ---------------------------------------------------------------------------------
 (0) _main                                                 1     1      0       0
                                              0 BANK0      1     1      0
 ---------------------------------------------------------------------------------
 Estimated maximum stack depth 0
 ---------------------------------------------------------------------------------

 Call Graph Graphs:

 _main (ROOT)

 Address spaces:
Name               Size   Autos  Total    Cost      Usage
BITCOMMON            0      0       0       0        0.0%
EEDATA              80      0       0       0        0.0%
NULL                 0      0       0       0        0.0%
CODE                 0      0       0       0        0.0%
BITSFR0              0      0       0       1        0.0%
SFR0                 0      0       0       1        0.0%
COMMON               0      0       0       1        0.0%
BITSFR1              0      0       0       2        0.0%
SFR1                 0      0       0       2        0.0%
STACK                0      0       0       2        0.0%
BITBANK0            3E      0       0       3        0.0%
BANK0               3E      1      13       4       30.6%
ABS                  0      0      13       5        0.0%
DATA                 0      0      13       6        0.0%


Microchip Technology PIC Macro Assembler V2.35 build 20211206165544 
Symbol Table                                                                                   Wed Jan 19 15:53:23 2022

                      _i 0028                        _j 0026                        _l 0024  
                     l70 03A4                       l64 0361                       l57 031F  
                     l59 03A6                       l76 03E8                       fsr 0004  
                    l800 0318                      l810 033F                      l802 031D  
                    l820 036C                      l812 0352                      l804 0323  
                    l830 039E                      l822 036E                      l814 0357  
                    l840 03D9                      l832 03AA                      l824 0371  
                    l816 035B                      l808 032A                      l850 03F5  
                    l842 03DE                      l826 0386                      l818 0366  
                    l770 02BA                      l762 02AC                      l844 03E2  
                    l836 03B1                      l828 0399                      l780 02CA  
                    l772 02BB                      l764 02B0                      l846 03ED  
                    l838 03C6                      l790 02FB                      l782 02CB  
                    l774 02BC                      l766 02B2                      l848 03F3  
                    l792 0301                      l784 02CE                      l776 02C0  
                    l768 02B8                      l794 030E                      l786 02E3  
                    l778 02C5                      l788 02F6                      l796 030F  
                    _GP0 0028                      _GP1 0029                      l798 0313  
                    _GP2 002A                      _GP3 002B                      _GP4 002C  
                    _GP5 002D                      u300 02FB                      u301 02FA  
                    u310 0301                      u311 0300                      u400 0366  
                    u320 0313                      u401 0365                      u321 0312  
                    u410 036C                      u330 031D                      u411 036B  
                    u331 031C                      u500 03E8                      u420 0399  
                    u340 0323                      u501 03E7                      u421 0398  
                    u341 0322                      u510 03ED                      u430 039E  
                    u350 0329                      u270 02C0                      u511 03EC  
                    u431 039D                      u423 0395                      u351 0328  
                    u271 02BF                      u520 03F3                      u440 03A4  
                    u360 0352                      u280 02CA                      u521 03F2  
                    u441 03A3                      u361 0351                      u281 02C9  
                    u450 03AA                      u370 0357                      u290 02F6  
                    u451 03A9                      u371 0356                      u363 034E  
                    u291 02F5                      u460 03B0                      u380 035B  
                    u461 03AF                      u381 035A                      u293 02F2  
                    u470 03D9                      u390 0361                      u471 03D8  
                    u391 0360                      u480 03DE                      u481 03DD  
                    u473 03D5                      u537 02C2                      u490 03E2  
                    u491 03E1                      u547 02DE                      u557 0315  
                    u567 033A                      u577 0381                      u587 03C1  
                    indf 0000                     _GPIO 0005                     _main 02AC  
                   btemp 005E                     start 0000                    ?_main 0032  
                  _CMCON 0019                    _ANSEL 009F                    _VRCON 0099  
                  _flag1 0030                    _flag2 002E                    _flag3 002C  
                  _flag4 002A                    _count 0020                    status 0003  
                  wtemp0 005E          __initialization 03F8             __end_of_main 03F8  
                 ??_main 0032                   _ADCON0 001F                   _TRISIO 0085  
__end_of__initialization 03FD               __pbssBANK0 0020               __pmaintext 02AC  
                clrloop0 02A5     end_of_initialization 03FD      start_initialization 03F8  
              ___latbits 0000            __pcstackBANK0 0032                clear_ram0 02A4  
             _OPTION_REG 0081  
